<?xml version="1.0" encoding="utf-8"?><testsuites name="pytest tests"><testsuite name="pytest" errors="0" failures="1" skipped="14" tests="27" time="1.549" timestamp="2025-06-07T17:23:20.571716-04:00" hostname="TDRAKE-J4FHQX9T49"><testcase classname="tests.e2e.test_api_endpoints.TestHealthAndStatus" name="test_health_check_endpoint" time="0.000"><skipped type="pytest.skip" message="API_BASE_URL environment variable not set">/Users/tdrake/silverbeer/fitlog/tests/e2e/test_api_endpoints.py:59: API_BASE_URL environment variable not set</skipped></testcase><testcase classname="tests.e2e.test_api_endpoints.TestHealthAndStatus" name="test_test_endpoint" time="0.000"><skipped type="pytest.skip" message="API_BASE_URL environment variable not set">/Users/tdrake/silverbeer/fitlog/tests/e2e/test_api_endpoints.py:87: API_BASE_URL environment variable not set</skipped></testcase><testcase classname="tests.e2e.test_api_endpoints.TestRunsEndpoints" name="test_get_runs_endpoint" time="0.000"><skipped type="pytest.skip" message="API_BASE_URL environment variable not set">/Users/tdrake/silverbeer/fitlog/tests/e2e/test_api_endpoints.py:114: API_BASE_URL environment variable not set</skipped></testcase><testcase classname="tests.e2e.test_api_endpoints.TestRunsEndpoints" name="test_create_run_endpoint" time="0.000"><skipped type="pytest.skip" message="API_BASE_URL environment variable not set">/Users/tdrake/silverbeer/fitlog/tests/e2e/test_api_endpoints.py:132: API_BASE_URL environment variable not set</skipped></testcase><testcase classname="tests.e2e.test_api_endpoints.TestRunsEndpoints" name="test_create_run_without_date" time="0.000"><skipped type="pytest.skip" message="API_BASE_URL environment variable not set">/Users/tdrake/silverbeer/fitlog/tests/e2e/test_api_endpoints.py:152: API_BASE_URL environment variable not set</skipped></testcase><testcase classname="tests.e2e.test_api_endpoints.TestPushupsEndpoints" name="test_get_pushups_endpoint" time="0.000"><skipped type="pytest.skip" message="API_BASE_URL environment variable not set">/Users/tdrake/silverbeer/fitlog/tests/e2e/test_api_endpoints.py:170: API_BASE_URL environment variable not set</skipped></testcase><testcase classname="tests.e2e.test_api_endpoints.TestPushupsEndpoints" name="test_create_pushup_endpoint" time="0.000"><skipped type="pytest.skip" message="API_BASE_URL environment variable not set">/Users/tdrake/silverbeer/fitlog/tests/e2e/test_api_endpoints.py:187: API_BASE_URL environment variable not set</skipped></testcase><testcase classname="tests.e2e.test_api_endpoints.TestPushupsEndpoints" name="test_create_pushup_without_date" time="0.000"><skipped type="pytest.skip" message="API_BASE_URL environment variable not set">/Users/tdrake/silverbeer/fitlog/tests/e2e/test_api_endpoints.py:206: API_BASE_URL environment variable not set</skipped></testcase><testcase classname="tests.e2e.test_api_endpoints.TestActivitiesEndpoints" name="test_activity_status_endpoint" time="0.000"><skipped type="pytest.skip" message="API_BASE_URL environment variable not set">/Users/tdrake/silverbeer/fitlog/tests/e2e/test_api_endpoints.py:224: API_BASE_URL environment variable not set</skipped></testcase><testcase classname="tests.e2e.test_api_endpoints.TestErrorHandling" name="test_invalid_endpoint" time="0.000"><skipped type="pytest.skip" message="API_BASE_URL environment variable not set">/Users/tdrake/silverbeer/fitlog/tests/e2e/test_api_endpoints.py:252: API_BASE_URL environment variable not set</skipped></testcase><testcase classname="tests.e2e.test_api_endpoints.TestErrorHandling" name="test_invalid_run_data" time="0.000"><skipped type="pytest.skip" message="API_BASE_URL environment variable not set">/Users/tdrake/silverbeer/fitlog/tests/e2e/test_api_endpoints.py:257: API_BASE_URL environment variable not set</skipped></testcase><testcase classname="tests.e2e.test_api_endpoints.TestErrorHandling" name="test_invalid_pushup_data" time="0.000"><skipped type="pytest.skip" message="API_BASE_URL environment variable not set">/Users/tdrake/silverbeer/fitlog/tests/e2e/test_api_endpoints.py:265: API_BASE_URL environment variable not set</skipped></testcase><testcase classname="tests.e2e.test_api_endpoints.TestAPIPerformance" name="test_health_check_response_time" time="0.000"><skipped type="pytest.skip" message="API_BASE_URL environment variable not set">/Users/tdrake/silverbeer/fitlog/tests/e2e/test_api_endpoints.py:277: API_BASE_URL environment variable not set</skipped></testcase><testcase classname="tests.e2e.test_api_endpoints.TestAPIPerformance" name="test_multiple_concurrent_requests" time="0.000"><skipped type="pytest.skip" message="API_BASE_URL environment variable not set">/Users/tdrake/silverbeer/fitlog/tests/e2e/test_api_endpoints.py:290: API_BASE_URL environment variable not set</skipped></testcase><testcase classname="tests.test_models.TestRunModel" name="test_create_valid_run" time="0.001" /><testcase classname="tests.test_models.TestRunModel" name="test_run_pace_calculation" time="0.000" /><testcase classname="tests.test_models.TestRunModel" name="test_run_invalid_distance" time="0.001" /><testcase classname="tests.test_models.TestRunModel" name="test_run_zero_distance" time="0.000" /><testcase classname="tests.test_models.TestRunModel" name="test_run_with_optional_fields" time="0.000" /><testcase classname="tests.test_models.TestPushupModel" name="test_create_valid_pushup" time="0.000" /><testcase classname="tests.test_models.TestPushupModel" name="test_pushup_invalid_count" time="0.000" /><testcase classname="tests.test_models.TestPushupModel" name="test_pushup_zero_count" time="0.000" /><testcase classname="tests.test_models.TestPushupModel" name="test_pushup_with_custom_date" time="0.000" /><testcase classname="tests.test_models.TestSplitModel" name="test_create_valid_split" time="0.000" /><testcase classname="tests.test_models.TestSplitModel" name="test_split_with_optional_fields" time="0.000" /><testcase classname="tests.test_models.TestSplitModel" name="test_split_invalid_mile_number" time="0.000" /><testcase classname="tests.test_smashrun" name="test_get_runs_yesterday" time="1.311"><failure message="AssertionError: Run date should be yesterday, got 2025-06-07 10:20:00-04:00&#10;assert datetime.date(2025, 6, 7) == datetime.date(2025, 6, 6)&#10; +  where datetime.date(2025, 6, 7) = &lt;built-in method date of datetime.datetime object at 0x128f3fb70&gt;()&#10; +    where &lt;built-in method date of datetime.datetime object at 0x128f3fb70&gt; = datetime.datetime(2025, 6, 7, 10, 20, tzinfo=datetime.timezone(datetime.timedelta(days=-1, seconds=72000))).date&#10; +      where datetime.datetime(2025, 6, 7, 10, 20, tzinfo=datetime.timezone(datetime.timedelta(days=-1, seconds=72000))) = Run(activity_id=42326443, date=datetime.datetime(2025, 6, 7, 10, 20, tzinfo=datetime.timezone(datetime.timedelta(days=...80, cadence_max=190, cadence_min=116, temperature=20.0, weather_type='drizzle', humidity=91, wind_speed=8, splits=None).date&#10; +  and   datetime.date(2025, 6, 6) = &lt;built-in method date of datetime.datetime object at 0x1286336f0&gt;()&#10; +    where &lt;built-in method date of datetime.datetime object at 0x1286336f0&gt; = datetime.datetime(2025, 6, 6, 17, 23, 20, 792757).date">tests/test_smashrun.py:38: in test_get_runs_yesterday
    assert (
E   AssertionError: Run date should be yesterday, got 2025-06-07 10:20:00-04:00
E   assert datetime.date(2025, 6, 7) == datetime.date(2025, 6, 6)
E    +  where datetime.date(2025, 6, 7) = &lt;built-in method date of datetime.datetime object at 0x128f3fb70&gt;()
E    +    where &lt;built-in method date of datetime.datetime object at 0x128f3fb70&gt; = datetime.datetime(2025, 6, 7, 10, 20, tzinfo=datetime.timezone(datetime.timedelta(days=-1, seconds=72000))).date
E    +      where datetime.datetime(2025, 6, 7, 10, 20, tzinfo=datetime.timezone(datetime.timedelta(days=-1, seconds=72000))) = Run(activity_id=42326443, date=datetime.datetime(2025, 6, 7, 10, 20, tzinfo=datetime.timezone(datetime.timedelta(days=...80, cadence_max=190, cadence_min=116, temperature=20.0, weather_type='drizzle', humidity=91, wind_speed=8, splits=None).date
E    +  and   datetime.date(2025, 6, 6) = &lt;built-in method date of datetime.datetime object at 0x1286336f0&gt;()
E    +    where &lt;built-in method date of datetime.datetime object at 0x1286336f0&gt; = datetime.datetime(2025, 6, 6, 17, 23, 20, 792757).date</failure></testcase></testsuite></testsuites>
